<html>
<head>
<title>TestNG:  Default test</title>
<link href="../testng.css" rel="stylesheet" type="text/css" />
<link href="../my-testng.css" rel="stylesheet" type="text/css" />

<style type="text/css">
.log { display: none;} 
.stack-trace { display: none;} 
</style>
<script type="text/javascript">
<!--
function flip(e) {
  current = e.style.display;
  if (current == 'block') {
    e.style.display = 'none';
    return 0;
  }
  else {
    e.style.display = 'block';
    return 1;
  }
}

function toggleBox(szDivId, elem, msg1, msg2)
{
  var res = -1;  if (document.getElementById) {
    res = flip(document.getElementById(szDivId));
  }
  else if (document.all) {
    // this is the way old msie versions work
    res = flip(document.all[szDivId]);
  }
  if(elem) {
    if(res == 0) elem.innerHTML = msg1; else elem.innerHTML = msg2;
  }

}

function toggleAllBoxes() {
  if (document.getElementsByTagName) {
    d = document.getElementsByTagName('div');
    for (i = 0; i < d.length; i++) {
      if (d[i].className == 'log') {
        flip(d[i]);
      }
    }
  }
}

// -->
</script>

</head>
<body>
<h2 align='center'>Default test</h2><table border='1' align="center">
<tr>
<td>Tests passed/Failed/Skipped:</td><td>7/2/0</td>
</tr><tr>
<td>Started on:</td><td>Mon Dec 05 18:46:46 IST 2022</td>
</tr>
<tr><td>Total time:</td><td>232 seconds (232078 ms)</td>
</tr><tr>
<td>Included groups:</td><td></td>
</tr><tr>
<td>Excluded groups:</td><td></td>
</tr>
</table><p/>
<small><i>(Hover the method name to see the test class name)</i></small><p/>
<table width='100%' border='1' class='invocation-failed'>
<tr><td colspan='4' align='center'><b>FAILED TESTS</b></td></tr>
<tr><td><b>Test method</b></td>
<td width="30%"><b>Exception</b></td>
<td width="10%"><b>Time (seconds)</b></td>
<td><b>Instance</b></td>
</tr>
<tr>
<td title='testrunner.TestRunner.runScenario()'><b>runScenario</b><br>Test class: testrunner.TestRunner<br>Test method: Runs Cucumber Scenarios<br>Parameters: "Scenario to Add Customer", "Optional[Add Customer]"</td>
<td><div><pre>java.lang.AssertionError: expected [] but found [Added customer successfully]
	at org.testng.Assert.fail(Assert.java:99)
	at org.testng.Assert.failNotEquals(Assert.java:1037)
	at org.testng.Assert.assertEqualsImpl(Assert.java:140)
	at org.testng.Assert.assertEquals(Assert.java:122)
	at org.testng.Assert.assertEquals(Assert.java:629)
	at org.testng.Assert.assertEquals(Assert.java:639)
	at com.pages.AddCustomer_Page.VerifyExpectedMessage(AddCustomer_Page.java:70)
	at stepdefinitions.AddCustomer_Steps.verify_Customer_Craetion(AddCustomer_Steps.java:50)
	at ✽.Verify the Customer Created or Not &quot;Added customer successfully&quot; &quot;Created&quot;(file:///C:/Users/Vassar/eclipse-workspace/StanleyC2C-Web/src/test/resources/PositiveFlowFeatures/AddCustomer.feature:9)
</pre></div><a href='#' onClick='toggleBox("stack-trace747258971", this, "Click to show all stack frames", "Click to hide stack frames")'>Click to show all stack frames</a>
<div class='stack-trace' id='stack-trace747258971'><pre>java.lang.AssertionError: expected [] but found [Added customer successfully]
	at org.testng.Assert.fail(Assert.java:99)
	at org.testng.Assert.failNotEquals(Assert.java:1037)
	at org.testng.Assert.assertEqualsImpl(Assert.java:140)
	at org.testng.Assert.assertEquals(Assert.java:122)
	at org.testng.Assert.assertEquals(Assert.java:629)
	at org.testng.Assert.assertEquals(Assert.java:639)
	at com.pages.AddCustomer_Page.VerifyExpectedMessage(AddCustomer_Page.java:70)
	at stepdefinitions.AddCustomer_Steps.verify_Customer_Craetion(AddCustomer_Steps.java:50)
	at ✽.Verify the Customer Created or Not &quot;Added customer successfully&quot; &quot;Created&quot;(file:///C:/Users/Vassar/eclipse-workspace/StanleyC2C-Web/src/test/resources/PositiveFlowFeatures/AddCustomer.feature:9)
</pre></div></td>
<td>16</td>
<td>testrunner.TestRunner@57cf54e1</td></tr>
<tr>
<td title='testrunner.TestRunner.runScenario()'><b>runScenario</b><br>Test class: testrunner.TestRunner<br>Test method: Runs Cucumber Scenarios<br>Parameters: "Scenario to Add Customer", "Optional[Add Customer]"</td>
<td><div><pre>java.lang.AssertionError: expected [] but found [Added customer successfully]
	at org.testng.Assert.fail(Assert.java:99)
	at org.testng.Assert.failNotEquals(Assert.java:1037)
	at org.testng.Assert.assertEqualsImpl(Assert.java:140)
	at org.testng.Assert.assertEquals(Assert.java:122)
	at org.testng.Assert.assertEquals(Assert.java:629)
	at org.testng.Assert.assertEquals(Assert.java:639)
	at com.pages.AddCustomer_Page.VerifyExpectedMessage(AddCustomer_Page.java:70)
	at stepdefinitions.AddCustomer_Steps.verify_Customer_Craetion(AddCustomer_Steps.java:50)
	at ✽.Verify the Customer Created or Not &quot;Added customer successfully&quot; &quot;Created&quot;(file:///C:/Users/Vassar/eclipse-workspace/StanleyC2C-Web/src/test/resources/PositiveFlowFeatures/AddCustomer.feature:9)
</pre></div><a href='#' onClick='toggleBox("stack-trace801777708", this, "Click to show all stack frames", "Click to hide stack frames")'>Click to show all stack frames</a>
<div class='stack-trace' id='stack-trace801777708'><pre>java.lang.AssertionError: expected [] but found [Added customer successfully]
	at org.testng.Assert.fail(Assert.java:99)
	at org.testng.Assert.failNotEquals(Assert.java:1037)
	at org.testng.Assert.assertEqualsImpl(Assert.java:140)
	at org.testng.Assert.assertEquals(Assert.java:122)
	at org.testng.Assert.assertEquals(Assert.java:629)
	at org.testng.Assert.assertEquals(Assert.java:639)
	at com.pages.AddCustomer_Page.VerifyExpectedMessage(AddCustomer_Page.java:70)
	at stepdefinitions.AddCustomer_Steps.verify_Customer_Craetion(AddCustomer_Steps.java:50)
	at ✽.Verify the Customer Created or Not &quot;Added customer successfully&quot; &quot;Created&quot;(file:///C:/Users/Vassar/eclipse-workspace/StanleyC2C-Web/src/test/resources/PositiveFlowFeatures/AddCustomer.feature:9)
</pre></div></td>
<td>16</td>
<td>testrunner.TestRunner@57cf54e1</td></tr>
</table><p>
<table width='100%' border='1' class='invocation-passed'>
<tr><td colspan='4' align='center'><b>PASSED TESTS</b></td></tr>
<tr><td><b>Test method</b></td>
<td width="30%"><b>Exception</b></td>
<td width="10%"><b>Time (seconds)</b></td>
<td><b>Instance</b></td>
</tr>
<tr>
<td title='testrunner.TestRunner.runScenario()'><b>runScenario</b><br>Test class: testrunner.TestRunner<br>Test method: Runs Cucumber Scenarios<br>Parameters: "Scenario to Add Customer", "Optional[Add Customer]"</td>
<td></td>
<td>26</td>
<td>testrunner.TestRunner@57cf54e1</td></tr>
<tr>
<td title='testrunner.TestRunner.runScenario()'><b>runScenario</b><br>Test class: testrunner.TestRunner<br>Test method: Runs Cucumber Scenarios<br>Parameters: "Scenario to Add Customer", "Optional[Add Customer]"</td>
<td></td>
<td>24</td>
<td>testrunner.TestRunner@57cf54e1</td></tr>
<tr>
<td title='testrunner.TestRunner.runScenario()'><b>runScenario</b><br>Test class: testrunner.TestRunner<br>Test method: Runs Cucumber Scenarios<br>Parameters: "Scenario to Add Customer", "Optional[Add Customer]"</td>
<td></td>
<td>24</td>
<td>testrunner.TestRunner@57cf54e1</td></tr>
<tr>
<td title='testrunner.TestRunner.runScenario()'><b>runScenario</b><br>Test class: testrunner.TestRunner<br>Test method: Runs Cucumber Scenarios<br>Parameters: "Scenario to Add Customer", "Optional[Add Customer]"</td>
<td></td>
<td>27</td>
<td>testrunner.TestRunner@57cf54e1</td></tr>
<tr>
<td title='testrunner.TestRunner.runScenario()'><b>runScenario</b><br>Test class: testrunner.TestRunner<br>Test method: Runs Cucumber Scenarios<br>Parameters: "Scenario to Add Customer", "Optional[Add Customer]"</td>
<td></td>
<td>27</td>
<td>testrunner.TestRunner@57cf54e1</td></tr>
<tr>
<td title='testrunner.TestRunner.runScenario()'><b>runScenario</b><br>Test class: testrunner.TestRunner<br>Test method: Runs Cucumber Scenarios<br>Parameters: "Scenario to Add Customer", "Optional[Add Customer]"</td>
<td></td>
<td>25</td>
<td>testrunner.TestRunner@57cf54e1</td></tr>
<tr>
<td title='testrunner.TestRunner.runScenario()'><b>runScenario</b><br>Test class: testrunner.TestRunner<br>Test method: Runs Cucumber Scenarios<br>Parameters: "Scenario to Add Customer", "Optional[Add Customer]"</td>
<td></td>
<td>31</td>
<td>testrunner.TestRunner@57cf54e1</td></tr>
</table><p>
</body>
</html>