<?xml version="1.0" encoding="UTF-8"?>
<!-- Generated by org.testng.reporters.JUnitReportReporter -->
<testsuite hostname="DESKTOP-NUL1SU7" failures="2" tests="9" name="testrunner.TestRunner" time="220.602" errors="0" timestamp="2022-12-05T18:50:38 IST" skipped="0">
  <testcase classname="testrunner.TestRunner" name="runScenario" time="16.792">
    <failure message="expected [] but found [Added customer successfully]" type="java.lang.AssertionError">
      <![CDATA[java.lang.AssertionError: expected [] but found [Added customer successfully]
at org.testng.Assert.fail(Assert.java:99)
at org.testng.Assert.failNotEquals(Assert.java:1037)
at org.testng.Assert.assertEqualsImpl(Assert.java:140)
at org.testng.Assert.assertEquals(Assert.java:122)
at org.testng.Assert.assertEquals(Assert.java:629)
at org.testng.Assert.assertEquals(Assert.java:639)
at com.pages.AddCustomer_Page.VerifyExpectedMessage(AddCustomer_Page.java:70)
at stepdefinitions.AddCustomer_Steps.verify_Customer_Craetion(AddCustomer_Steps.java:50)
at ✽.Verify the Customer Created or Not "Added customer successfully" "Created"(file:///C:/Users/Vassar/eclipse-workspace/StanleyC2C-Web/src/test/resources/PositiveFlowFeatures/AddCustomer.feature:9)
]]>
    </failure>
  </testcase> <!-- runScenario -->
  <system-out/>
  <testcase classname="testrunner.TestRunner" name="runScenario" time="26.903"/>
  <system-out/>
  <testcase classname="testrunner.TestRunner" name="runScenario" time="27.729"/>
  <system-out/>
  <testcase classname="testrunner.TestRunner" name="runScenario" time="16.146">
    <failure message="expected [] but found [Added customer successfully]" type="java.lang.AssertionError">
      <![CDATA[java.lang.AssertionError: expected [] but found [Added customer successfully]
at org.testng.Assert.fail(Assert.java:99)
at org.testng.Assert.failNotEquals(Assert.java:1037)
at org.testng.Assert.assertEqualsImpl(Assert.java:140)
at org.testng.Assert.assertEquals(Assert.java:122)
at org.testng.Assert.assertEquals(Assert.java:629)
at org.testng.Assert.assertEquals(Assert.java:639)
at com.pages.AddCustomer_Page.VerifyExpectedMessage(AddCustomer_Page.java:70)
at stepdefinitions.AddCustomer_Steps.verify_Customer_Craetion(AddCustomer_Steps.java:50)
at ✽.Verify the Customer Created or Not "Added customer successfully" "Created"(file:///C:/Users/Vassar/eclipse-workspace/StanleyC2C-Web/src/test/resources/PositiveFlowFeatures/AddCustomer.feature:9)
]]>
    </failure>
  </testcase> <!-- runScenario -->
  <system-out/>
  <testcase classname="testrunner.TestRunner" name="runScenario" time="24.445"/>
  <system-out/>
  <testcase classname="testrunner.TestRunner" name="runScenario" time="24.895"/>
  <system-out/>
  <testcase classname="testrunner.TestRunner" name="runScenario" time="31.524"/>
  <system-out/>
  <testcase classname="testrunner.TestRunner" name="runScenario" time="25.130"/>
  <system-out/>
  <testcase classname="testrunner.TestRunner" name="runScenario" time="27.038"/>
  <system-out/>
</testsuite> <!-- testrunner.TestRunner -->
